[debug] [2024-09-04T18:47:44.263Z] ----------------------------------------------------------------------
[debug] [2024-09-04T18:47:44.265Z] Command:       C:\Program Files\nodejs\node.exe C:\Users\muhan\AppData\Roaming\npm\node_modules\firebase-tools\lib\bin\firebase.js functions:shell
[debug] [2024-09-04T18:47:44.265Z] CLI Version:   13.10.0
[debug] [2024-09-04T18:47:44.266Z] Platform:      win32
[debug] [2024-09-04T18:47:44.266Z] Node Version:  v20.12.2
[debug] [2024-09-04T18:47:44.266Z] Time:          Wed Sep 04 2024 13:47:44 GMT-0500 (Central Daylight Saving Time)
[debug] [2024-09-04T18:47:44.266Z] ----------------------------------------------------------------------
[debug] 
[debug] [2024-09-04T18:47:44.308Z] Field ".functions" in "firebase.json" is possibly invalid: should be object
[debug] [2024-09-04T18:47:44.308Z] Object ".functions[0]" in "firebase.json" has unknown property: {"additionalProperty":"region"}
[debug] [2024-09-04T18:47:44.309Z] Field ".functions" in "firebase.json" is possibly invalid: should match some schema in anyOf
[debug] [2024-09-04T18:47:44.312Z] > command requires scopes: ["email","openid","https://www.googleapis.com/auth/cloudplatformprojects.readonly","https://www.googleapis.com/auth/firebase","https://www.googleapis.com/auth/cloud-platform"]
[debug] [2024-09-04T18:47:44.312Z] > authorizing via signed-in user (muhannad.shehadeh91@gmail.com)
[debug] [2024-09-04T18:47:44.312Z] [iam] checking project purecare-2a506 for permissions ["firebase.projects.get"]
[debug] [2024-09-04T18:47:44.314Z] >>> [apiv2][query] POST https://cloudresourcemanager.googleapis.com/v1/projects/purecare-2a506:testIamPermissions [none]
[debug] [2024-09-04T18:47:44.314Z] >>> [apiv2][(partial)header] POST https://cloudresourcemanager.googleapis.com/v1/projects/purecare-2a506:testIamPermissions x-goog-quota-user=projects/purecare-2a506
[debug] [2024-09-04T18:47:44.314Z] >>> [apiv2][body] POST https://cloudresourcemanager.googleapis.com/v1/projects/purecare-2a506:testIamPermissions {"permissions":["firebase.projects.get"]}
[debug] [2024-09-04T18:47:44.657Z] <<< [apiv2][status] POST https://cloudresourcemanager.googleapis.com/v1/projects/purecare-2a506:testIamPermissions 200
[debug] [2024-09-04T18:47:44.657Z] <<< [apiv2][body] POST https://cloudresourcemanager.googleapis.com/v1/projects/purecare-2a506:testIamPermissions {"permissions":["firebase.projects.get"]}
[debug] [2024-09-04T18:47:44.662Z] [functions] Functions Emulator only supports listening on one address (127.0.0.1). Not listening on ::1
[debug] [2024-09-04T18:47:44.665Z] defaultcredentials: writing to file C:\Users\muhan\AppData\Roaming\firebase\muhannad_shehadeh91_gmail.com_application_default_credentials.json
[debug] [2024-09-04T18:47:44.668Z] DEBUG: Setting GAC to C:\Users\muhan\AppData\Roaming\firebase\muhannad_shehadeh91_gmail.com_application_default_credentials.json
[debug] [2024-09-04T18:47:44.669Z] >>> [apiv2][query] GET https://firebase.googleapis.com/v1beta1/projects/purecare-2a506/adminSdkConfig [none]
[debug] [2024-09-04T18:47:45.007Z] <<< [apiv2][status] GET https://firebase.googleapis.com/v1beta1/projects/purecare-2a506/adminSdkConfig 200
[debug] [2024-09-04T18:47:45.007Z] <<< [apiv2][body] GET https://firebase.googleapis.com/v1beta1/projects/purecare-2a506/adminSdkConfig {"projectId":"purecare-2a506","databaseURL":"https://purecare-2a506-default-rtdb.firebaseio.com","storageBucket":"purecare-2a506.appspot.com","locationId":"us-central"}
[debug] [2024-09-04T18:47:45.017Z] [functions] Watching "C:\Users\muhan\CleanZen\functions" for Cloud Functions...
[debug] [2024-09-04T18:47:45.020Z] Validating nodejs source
[warn] !  functions: package.json indicates an outdated version of firebase-functions. Please upgrade using npm install --save firebase-functions@latest in your functions directory. 
[warn] !  functions: Please note that there will be breaking changes when you upgrade. 
[debug] [2024-09-04T18:47:46.198Z] > [functions] package.json contents: {
  "name": "functions",
  "description": "Cloud Functions for Firebase",
  "scripts": {
    "serve": "firebase emulators:start --only functions",
    "shell": "firebase functions:shell",
    "start": "npm run shell",
    "deploy": "firebase deploy --only functions",
    "logs": "firebase functions:log"
  },
  "engines": {
    "node": "18"
  },
  "main": "index.js",
  "dependencies": {
    "@babel/cli": "^7.23.4",
    "@babel/core": "^7.23.7",
    "@babel/node": "^7.22.19",
    "@babel/preset-env": "^7.23.8",
    "cors": "^2.8.5",
    "dotenv": "^16.4.0",
    "express": "^4.18.2",
    "firebase": "^10.7.2",
    "firebase-admin": "^12.0.0",
    "firebase-functions": "^4.3.1",
    "stripe": "^14.13.0",
    "twilio": "^4.0.0"
  },
  "devDependencies": {
    "firebase-functions-test": "^3.1.0"
  },
  "private": true
}
[debug] [2024-09-04T18:47:46.198Z] Building nodejs source
[debug] [2024-09-04T18:47:46.198Z] Failed to find version of module node: reached end of search path C:\Users\muhan\CleanZen\functions\node_modules
[warn] !  functions: Your requested "node" version "18" doesn't match your global version "20". Using node@20 from host. 
[debug] [2024-09-04T18:47:46.200Z] Could not find functions.yaml. Must use http discovery
[debug] [2024-09-04T18:47:46.205Z] Found firebase-functions binary at 'C:\Users\muhan\CleanZen\functions\node_modules\.bin\firebase-functions'
[info] Serving at port 8063

[debug] [2024-09-04T18:47:46.840Z] Got response from /__/functions.yaml {"endpoints":{"stripeApiEndPoint":{"availableMemoryMb":null,"timeoutSeconds":null,"minInstances":null,"maxInstances":null,"ingressSettings":null,"concurrency":null,"serviceAccountEmail":null,"vpc":null,"platform":"gcfv2","labels":{},"httpsTrigger":{},"entryPoint":"stripeApiEndPoint"}},"specVersion":"v1alpha1","requiredAPIs":[]}
